<?xml version="1.0" encoding="UTF-8"?>
<testng-results ignored="0" total="1" passed="1" failed="0" skipped="0">
  <reporter-output>
  </reporter-output>
  <suite started-at="2025-10-09T17:02:45 IST" name="Default suite" finished-at="2025-10-09T17:02:47 IST" duration-ms="2298">
    <groups>
    </groups>
    <test started-at="2025-10-09T17:02:45 IST" name="Default test" finished-at="2025-10-09T17:02:47 IST" duration-ms="2298">
      <class name="advance_reports.SauceDemo">
        <test-method signature="getReport()[pri:0, instance:advance_reports.SauceDemo@36ebc363]" started-at="2025-10-09T17:02:45 IST" name="getReport" finished-at="2025-10-09T17:02:47 IST" duration-ms="2252" status="PASS">
          <reporter-output>
          </reporter-output>
        </test-method> <!-- getReport -->
      </class> <!-- advance_reports.SauceDemo -->
    </test> <!-- Default test -->
  </suite> <!-- Default suite -->
</testng-results>
