<?xml version="1.0" encoding="UTF-8"?>
<!-- Generated by org.testng.reporters.JUnitXMLReporter -->
<testsuite ignored="0" hostname="TYSS-Piyush-Baldaniya" failures="0" tests="3" name="Test" time="11.967" errors="0" timestamp="2025-10-07T16:45:39 IST">
  <testcase classname="config_ann.CampTest" name="createCampTest" time="0.007"/>
  <testcase classname="config_ann.ContactTest" name="createContactTest" time="0.001"/>
  <testcase classname="config_ann.OppTest" name="createOppTest" time="0.002"/>
</testsuite> <!-- Test -->
